<?xml version="1.0" encoding="UTF-8"?>
<!-- Generated by org.testng.reporters.JUnitXMLReporter -->
<testsuite hostname="Mireshs-MacBook-Pro.local" name="Default test" tests="5" failures="0" timestamp="9 Feb 2020 14:39:45 GMT" time="46.061" errors="0">
  <testcase name="navivatToBrowserStackPage" time="8.091" classname="com.browserstack.sampletest.testng.ParameterByDataprovider"/>
  <testcase name="createAccount" time="6.379" classname="com.browserstack.sampletest.testng.ParameterByDataprovider"/>
  <testcase name="selectOneProductFromWomanSection" time="9.91" classname="com.browserstack.sampletest.testng.ParameterByDataprovider"/>
  <testcase name="checkoutAndVerifyAmount" time="15.25" classname="com.browserstack.sampletest.testng.ParameterByDataprovider"/>
  <testcase name="amountVerificationInProfilePage" time="6.42" classname="com.browserstack.sampletest.testng.ParameterByDataprovider"/>
</testsuite> <!-- Default test -->
